1,1.797267831165171
1.0069386314760276,2.091277376016264
1.013925407558815,1.9692849002738697
1.0209606623060468,1.9417709097772424
1.0280447320933093,1.4582539347289205
1.0351779556301763,1.9026150035807903
1.0423606739764015,1.5391904115394428
1.0495932305582274,2.098492319559818
1.0568759711848041,1.1067027353595502
1.0642092440647242,0.11851247698511799
1.0715933998226712,2.249603466791737
1.079028791516184,1.8047519487265218
1.0865157746525382,1.3058030454714704
1.0940547072057427,2.172934521464226
1.1016459496336566,1.690448170809395
1.1092898648952227,0.9625978404145684
1.116986818467823,0.3788010404627039
1.1247371783647517,1.1536847302047009
1.1325413151528119,1.4161541901689407
1.1403996019700327,0.1981757297691997
1.148312414543511,1.0167661200777847
1.1562801312073758,1.8580020714581367
1.1643031329208766,1.114441789074852
1.172381803286599,1.5093821432994179
1.180516528568805,0.6656553538729291
1.1887076977119033,1.2589586056128856
1.1969557023590434,2.282830342098716
1.2052609368708425,0.7354726604112476
1.2136237983442408,1.4726197617598
1.2220446866314882,1.5349701245458585
1.2305240043592616,1.9142195571482536
1.2390621569479163,0.22950506003701168
1.2476595526308696,0.5951805619201712
1.2563166024741206,0.23322874506036284
1.2650337203959034,0.6368336453649212
1.2738113231864785,1.8116799612832264
1.2826498305280605,1.582864869496393
1.2915496650148839,1.4359194546128284
1.300511252173409,2.32371864286075
1.3095350204826672,1.7095825164207055
1.3186214013947486,1.0759341010576884
1.3277708293554298,1.0188355214150244
1.3369837418249464,0.26655109655250697
1.34626057929891,1.8557238205069555
1.3556017853293685,0.8934513109822894
1.365007806546014,0.8535576683797401
1.3744790926775374,2.6822756662147826
1.3840160965731314,1.464574938446884
1.3936192742241424,1.8110390052696956
1.4032890847858728,1.398238065715052
1.413025990599534,1.0666732295287424
1.4228304572143526,1.0056847290543207
1.4327029534098308,1.6291786600781617
1.4426439512181577,2.256945461660624
1.4526539259467808,0.7974886980544345
1.46273335620113,1.5707935868111462
1.4728827239075026,1.6494741693940163
1.4831025143361043,0.6805058825349418
1.4933932161242522,1.1627444390216812
1.503755321299738,1.2635853016909921
1.5141893253043524,0.7236729060868092
1.5246957270175738,1.8933881119891072
1.5352750287804227,2.044720445289497
1.5459277364194774,2.193177982196993
1.5566543592710615,0.7080358437614525
1.5674554102055953,2.0339597225663164
1.5783314056521174,1.0826848494897672
1.5892828656229778,1.7176067030028705
1.6003103137387007,0.627639087615223
1.6114142772530196,2.325823070419214
1.6225952870780873,1.753940007243733
1.6338538778098612,1.7606296954951015
1.6451905877536623,2.0314919116290993
1.6566059589499142,1.6610187453669896
1.6681005372000588,1.426840086528347
1.6796748720926535,2.348672962231218
1.691329517029648,2.0537074633350705
1.7030650292528444,2.0097950431321094
1.7148819698705398,2.14919958632042
1.7267809038843556,2.1169081468216406
1.7387624002162507,2.02395063396691
1.7508270317357244,2.044323522199025
1.7629753752872057,2.2202899512074175
1.775208011717635,1.4105061390006841
1.787525525904235,1.6543409751339389
1.7999285067824768,0.7812107771149481
1.812417547374237,1.9642604448708219
1.8249932448161523,2.179512998797138
1.8376562003881713,0.3769915606068687
1.8504070195423017,0.9534684179827796
1.8632463119315603,2.1857659307614186
1.8761746914391206,0.9027566987093751
1.8891927762076663,1.4500945608834592
1.9023011886689447,2.1521848138387814
1.9155005555735276,0.7437427967794881
1.9287915080207783,1.4905657550695817
1.9421746814890257,2.417057485427538
1.955650715865949,0.5491328653479368
1.9692202554791725,1.3125284216647741
1.9828839491270709,0.11851247698511799
1.996642450109794,0.2409680263690112
2.0104964162604984,2.5231742492440317
2.024446509976804,2.371057801420085
2.038493398252463,1.612832800268116
2.0526377527092516,1.9690356122002246
2.0668802496290826,2.681809051881156
2.0812215699863383,2.435983396903603
2.095662399480433,2.592910032463337
2.1102034285685956,2.61924616743337
2.1248453524988826,1.9026802220731924
2.139588871343422,2.6571831626082414
2.154434690031884,2.7018036068929883
2.1693835183851844,2.495944980773285
2.184436071149427,2.1182170962973856
2.1995930680300746,2.1752901453484257
2.21485523372636,1.8631779458928228
2.2302232979659378,2.4422969259410037
2.245697995539774,3.4121953951038524
2.2612800663372785,1.825871621721317
2.2769702553816797,1.515666500722581
2.2927693128656497,2.3626108353974145
2.308677994187169,1.7999676479780886
2.324697059985648,1.9502359742232391
2.340827276178293,2.5329065931721675
2.3570694139967276,2.727016640368167
2.373424250023867,2.5159551489980285
2.3898925662310497,2.200023699308382
2.4064751500154244,1.422600315822071
2.4231727942375993,2.4643353515005377
2.43998629725955,2.2611431032687697
2.456916462982791,1.839845803036747
2.473964100886813,1.997958052768535
2.491130026067789,2.635768355425832
2.50841505927754,2.556847838368318
2.5258200269627844,1.7858900348711855
2.543345761304649,1.8424130855907352
2.5609931002584587,1.4296049833561304
2.578762887593801,1.8705447014459442
2.596655972934871,1.9502735296743217
2.614673211801092,2.9263983261579796
2.632815465648021,1.3955649282734082
2.6510836019085384,2.396068572789995
2.6694784940343212,2.8301394535006645
2.688001021537606,1.6821470653482702
2.706652070033241,2.035731353676418
2.725432531281029,2.4013585459477604
2.744343303228365,1.639415486750897
2.7633852900531704,2.576302451911111
2.7825594022071245,2.4498977648514053
2.8018665564591947,2.698093340281671
2.821307675939472,2.538280819947928
2.8408836901833037,1.848634383925253
2.8605955351757424,2.1905907790495416
2.880444153396297,1.8477850326662635
2.9004304938639915,2.70389890018368
2.920555512182746,2.5342748834484246
2.940820170587063,1.6745985709205773
2.961225437988035,1.924453097631294
2.981772290019672,1.5245500430615297
3.002461709085549,3.096736793102157
3.0232946844057778,2.894546045663904
3.0442722120643015,2.8201351774527152
3.0653952950565273,2.7774658711136215
3.086664943337273,2.7182585826340477
3.108082173869064,2.828547810334604
3.129648010670752,2.8859559826007084
3.151363484866479,2.938483822928159
3.1732296347349767,2.583719074449504
3.1952475057592125,2.8947800235759926
3.2174181506763717,3.0563466113944364
3.239742629528197,2.4068005938848454
3.262222009711669,2.5628098060146334
3.284857366030044,2.1701611328553176
3.307649780744241,2.8069779884279162
3.330600343624589,2.8301161088394693
3.35371015200293,3.259314239943189
3.3769803108250906,3.0928507737290523
3.400411932703707,2.917019846170037
3.4240061379714244,2.3272923524895686
3.447764054734464,2.5755910092281566
3.4716868189265613,2.669914629286219
3.495775574363275,2.741571981976526
3.52003147279668,3.4797182792785426
3.5444556739704343,2.816452236673832
3.56904934567523,2.836647110186874
3.5938136638046267,1.5437927656122525
3.61874981241128,2.9089398719526502
3.6438589837635456,2.6215753113301457
3.669142378402493,2.824982486871744
3.694601205199303,2.4738767500067453
3.7202366814130676,3.17285238212437
3.746050032748992,3.1139999733154986
3.7720424934169987,2.450623082235121
3.798215306190735,2.737370445215253
3.8245697224669994,3.2076806035021996
3.8511070023255707,3.097929949463638
3.877828414589457,3.146334916606332
3.9047352368855606,3.1188112409290194
3.9318287557057685,3.0121778920118505
3.959110266468459,3.2358511959641256
3.986581073580441,2.491530620589127
4.014242490499321,2.786344974784348
4.042095839796307,2.913759003145977
4.070142453219437,3.1454152482591473
4.0983836717572615,3.221452556780079
4.126820845702954,3.365221979902283
4.155455334718875,2.8943967820166376
4.184288507901581,3.2316719849420963
4.213321743847287,3.1849815208188135
4.242556430717778,3.246554249209084
4.271993966306779,3.1065738146331383
4.301635758106795,3.240116756956935
4.331483223376399,3.6995980707248886
4.361537789208004,3.1792654891473013
4.391800892596087,3.165568015004781
4.422273980505898,2.8434951715504737
4.452958509942655,3.279287169726602
4.483855948021187,3.4473469530508383
4.5149677720361,2.912555892049123
4.546295469532399,2.5690764065724343
4.577840538376619,3.567031868688274
4.6096044868284345,3.163027686449047
4.641588833612779,3.662909023923684
4.673795107992463,3.2210503530791357
4.706224849841282,3.3865937759661913
4.738879609717653,3.407912534822265
4.771760948938746,2.609958797615007
4.80487043965513,3.1755978646046614
4.838209664925956,3.127374960913838
4.871780218794631,3.1283637429040456
4.905583706365048,3.657848233697756
4.93962174387832,3.5942979514044024
4.973895958790065,3.768396373444872
5.008407989848212,3.2233421930625368
5.043159487171359,3.5394989773943184
5.0781521123276745,3.461876264191297
5.113387538414326,3.4782543375615744
5.148867450137494,4.0845081491568935
5.184593543892912,4.025240856956477
5.220567527846976,3.189066810294499
5.256791122018423,3.6026879970669934
5.293266058360561,3.593696268541305
5.32999408084409,3.618753170942416
5.3669769455404746,3.63674001443753
5.404216420705916,3.5159032785109807
5.441714286865892,3.09918206301142
5.479472336900288,3.2072758913089325
5.517492376129126,3.2075561815852005
5.555776222398877,3.647617210138601
5.594325706169378,3.478455080841509
5.633142670601355,3.645676623250691
5.672228971644543,3.1532356696705843
5.711586478126431,3.2826079303592937
5.751217071841612,3.429866380238778
5.791122647641759,2.9451211287608707
5.831305113526222,3.5294473558335984
5.871766390733256,4.159415023796226
5.912508413831879,3.0593765100253965
5.953533130814369,3.3012568440489676
5.994842503189411,3.67766910698183
6.036438506075868,3.6141704907719463
6.078323128297229,3.607030271436017
6.120498372476698,4.208180949945302
6.1629662551329405,4.149011855552163
6.205728806776502,3.6525860585972887
6.248788072006891,3.838667298398519
6.292146109610345,3.7421702884519368
6.335804992658249,3.8262560566812196
6.3797668086062815,3.565159853718606
6.424033659394194,4.041446059354381
6.468607661546326,3.9310019463268584
6.513490946272804,3.5643887962057983
6.558685659571432,3.3561267754875748
6.604193962330304,3.992407120694947
6.650018030431118,3.608738086332369
6.696160054853219,4.162275521856144
6.742622241778343,3.989675262615139
6.789406812696108,3.712260220282382
6.836516004510238,3.5556291928150174
6.883952069645497,3.9130572063651092
6.931717276155405,3.648219811682959
6.979813907830662,3.3375991329027435
7.028244264308349,3.6268749219133456
7.07701066118189,4.340021626488806
7.1261154301117475,3.842264502092292
7.175560918936926,3.6425566898495325
7.225349491787212,3.69388860692376
7.275483529196228,4.053817030811488
7.32596542821523,3.7482496309814524
7.376797602527732,3.5775007624505775
7.427982482564916,3.896413157139782
7.479522515621821,4.063678610830777
7.531420165974372,3.6753987310446106
7.583677914997192,3.7121980576087625
7.636298261282244,4.0364934222793964
7.689283720758312,3.815362165990148
7.742636826811271,3.754573655857699
7.796360130405232,3.347768288984143
7.850456200204507,3.926989887721823
7.904927622696422,4.247961589334174
7.959777002314984,3.8117832430673837
8.015006961565405,4.1002285049026925
8.070620141149504,3.1175243048015266
8.126619200091945,3.5033471638193765
8.183006815867392,4.101751277881582
8.239785684528519,3.82229940459621
8.296958520834908,4.089797080540683
8.354528058382868,3.710510554523581
8.412497049736118,3.742215749219156
8.470868266557407,3.721876423055287
8.529644499741021,4.0411580307649935
8.58882855954625,4.247244377407739
8.648423275731723,3.735018444197718
8.708431497690723,3.798637496898599
8.76885609458743,4.1286994409768765
8.829699955494089,4.304017575511541
8.89096598952916,4.225967854663575
8.952657125996398,3.6976801804437374
9.014776314524918,4.7212033261614055
9.077326525210228,3.9515565911343757
9.14031074875623,4.117061112035826
9.203731996618224,4.501818416919514
9.267593301146876,4.325484153087214
9.331897715733238,3.7406699586805576
9.396648314954694,3.977691182977543
9.461848194721998,3.7369269413788206
9.527500472427292,4.170370455894184
9.593608287093142,3.8805467560853613
9.660174799522647,4.075415733180778
9.72720319245054,4.400320624325893
9.794696670695394,4.1800092505032636
9.862658461312824,3.661052423222809
9.931091813749797,4.332437574412124
10.000000000000002,4.463347422375965
10.069386314760273,3.994311114931802
10.13925407558815,4.221248475830029
10.209606623060468,3.8399045415058506
10.280447320933092,4.149514358365368
10.351779556301762,4.374736157860928
10.423606739764015,4.084473210572849
10.495932305582276,4.290916525255
10.56875971184804,4.2088321537316205
10.642092440647243,4.386331430552786
10.715933998226713,3.533810027254848
10.79028791516184,4.286591741028645
10.865157746525384,4.447365495333681
10.940547072057424,3.7393583391837506
11.016459496336564,4.5724941334096965
11.092898648952229,4.396774140877052
11.16986818467823,4.344675645694926
11.247371783647518,4.502015653825639
11.325413151528117,4.472926370152736
11.403996019700328,4.635366692992212
11.483124145435111,4.370759174053003
11.56280131207376,4.070550569195991
11.64303132920877,4.252618849559942
11.723818032865989,4.333502624783858
11.805165285688053,4.623779449204262
11.88707697711903,4.065598839927944
11.969557023590433,4.481911658050917
12.052609368708424,4.457483365286179
12.136237983442408,4.5343846327817925
12.220446866314884,4.43853211635784
12.305240043592615,4.305740266996214
12.390621569479164,4.4884571574585985
12.476595526308694,4.426683052248553
12.563166024741205,4.662779916210456
12.650337203959037,4.23145913243627
12.738113231864787,4.744792245015413
12.826498305280607,4.425260818783132
12.915496650148835,4.7593344358344325
13.005112521734087,4.55460602716955
13.095350204826673,4.681471062887898
13.186214013947485,4.37111136078373
13.277708293554298,4.364909556241012
13.369837418249464,4.348108831926528
13.462605792989102,4.577302947972876
13.556017853293683,4.470269734413706
13.65007806546014,4.635496338678424
13.744790926775377,4.6341149397899715
13.840160965731314,4.723213216408612
13.936192742241428,4.669457274639505
14.032890847858724,4.550606288346789
14.130259905995336,4.380037977042899
14.228304572143527,4.832147568690349
14.327029534098306,4.689103738573401
14.42643951218158,4.601948256435931
14.526539259467807,4.694045543996383
14.627333562011302,4.613755525607335
14.728827239075024,4.5376438328693025
14.831025143361044,4.970577510744939
14.933932161242526,4.63886425616119
15.03755321299738,4.620010052546465
15.141893253043525,4.655715592454302
15.246957270175734,4.881064593791541
15.352750287804225,4.526997345152763
15.45927736419477,4.744243265908962
15.566543592710614,4.625708498297188
15.674554102055954,4.393063036937767
15.783314056521172,4.671116428125044
15.89282865622978,4.799544567142935
16.003103137387,4.423710033692387
16.11414277253019,4.898202981022571
16.225952870780873,4.36884271401759
16.338538778098613,4.70749704966165
16.45190587753663,4.733197953561759
16.566059589499137,4.86258385878852
16.681005372000588,4.786333525693346
16.796748720926537,4.637521402182306
16.913295170296482,4.8501034594944334
17.03065029252845,4.650547914151191
17.148819698705395,5.096547765240463
17.267809038843556,4.8993137221463305
17.3876240021625,4.947568739905113
17.50827031735724,4.516329432513893
17.629753752872055,4.639786631502355
17.75208011717635,4.721248073875017
17.875255259042344,4.801197204769173
17.999285067824776,4.808895521296989
18.12417547374237,4.757554427207312
18.249932448161523,4.745734779724641
18.376562003881716,4.681833667099112
18.504070195423026,4.772683535525667
18.6324631193156,4.736524919477679
18.761746914391196,4.652281184716596
18.89192776207667,4.757030326613114
19.023011886689442,4.799913044181816
19.155005555735272,4.672047135015821
19.28791508020778,4.969611308387855
19.421746814890263,4.73266456672898
19.556507158659485,4.854679293912772
19.69220255479172,4.901807996805675
19.828839491270713,4.845047076099496
19.966424501097944,4.669479434793918
20.10496416260498,4.916175340127357
20.24446509976805,4.840513449140677
20.384933982524633,4.932458279746488
20.52637752709251,4.892603052041103
20.66880249629082,4.898083250364196
20.812215699863383,4.94047472796226
20.956623994804332,4.729149033658952
21.102034285685946,4.8029740500846305
21.248453524988832,4.884857355966821
21.395888713434218,4.976529959508929
21.54434690031884,5.006550373464058
21.69383518385185,4.760122545968119
21.84436071149428,4.702053768305287
21.99593068030074,5.081382295419886
22.1485523372636,4.847883414495346
22.302232979659383,4.955199988202157
22.456979955397735,5.140705193797607
22.61280066337278,5.053427147819111
22.7697025538168,4.975203814472017
22.9276931286565,4.974881173615236
23.086779941871683,4.859895457920599
23.24697059985648,4.981229387414877
23.408272761782932,4.8936479725657085
23.57069413996728,5.157463021997424
23.734242500238665,5.0268337481603655
23.898925662310507,5.0096678044136205
24.064751500154244,5.003440271885553
24.231727942375986,5.191675680187784
24.399862972595493,5.173047484900665
24.569164629827906,4.823143229610118
24.739641008868137,4.9948194136292905
24.911300260677876,4.780718035973728
25.08415059277541,5.001490855588199
25.258200269627842,4.93681025985579
25.433457613046492,5.121882993436805
25.609931002584577,5.197775330496506
25.787628875938022,5.197859206946272
25.96655972934871,4.915104162878369
26.14673211801092,5.193947086695546
26.328154656480216,4.912304893137601
26.510836019085374,5.331150067691153
26.694784940343208,4.976690046600641
26.880010215376064,5.152920816612915
27.06652070033242,5.129912789341628
27.25432531281028,5.2131643912206425
27.443433032283643,5.295065967013898
27.633852900531704,4.968839978617399
27.82559402207125,4.762961832932441
28.018665564591945,5.0396788288843695
28.21307675939473,5.12527516792301
28.408836901833034,4.96739325244361
28.605955351757412,5.0799656096962575
28.804441533962958,5.094886750912084
29.004304938639912,5.053293284897004
29.205555121827462,5.379748816130546
29.408201705870617,5.254909650398963
29.612254379880362,4.955221059274234
29.817722900196717,5.267495331120596
30.024617090855493,5.214676734509289
30.232946844057764,5.175531169678786
30.442722120643033,4.959638653707947
30.65395295056527,5.282004312017443
30.866649433372732,5.220802505252633
31.080821738690645,5.071878800922192
31.29648010670751,5.239657631587413
31.513634848664783,5.062248234721441
31.73229634734977,5.053650532517959
31.952475057592128,5.219341284747822
32.17418150676371,5.2663720290844855
32.39742629528197,5.360876663238893
32.622220097116696,5.129553780413657
32.84857366030045,5.30359122250689
33.0764978074424,5.292031940843572
33.3060034362459,5.1574620028812435
33.5371015200293,5.296934102546246
33.7698031082509,5.226769084142055
34.00411932703706,5.303159716673722
34.24006137971424,5.216824373977339
34.47764054734464,5.36903140339949
34.7168681892656,5.3793200557049765
34.95775574363276,5.197092701274455
35.20031472796679,5.4574311781831915
35.444556739704346,5.320328923631266
35.690493456752286,5.327501779209025
35.93813663804629,5.26396713909524
36.18749812411279,5.270202834152272
36.438589837635455,5.273270164558962
36.691423784024934,5.09823551873804
36.946012051993016,5.365725151250252
37.20236681413067,5.395990543426106
37.4605003274899,5.389810262027784
37.72042493416999,5.420389325662852
37.98215306190734,5.231163692315001
38.24569722466999,5.220725983408116
38.51107002325571,5.2779244381687525
38.778284145894574,5.468736486730153
39.0473523688556,5.199987363210054
39.31828755705771,5.340197184056484
39.59110266468459,5.40297698485831
39.865810735804416,5.277988336896469
40.142424904993206,5.1591428221988735
40.42095839796307,5.3741888279597125
40.70142453219438,5.490480462690161
40.9838367175726,5.361554133978428
41.26820845702955,5.357428581129792
41.554553347188744,5.377993933526151
41.84288507901582,5.380305403868861
42.13321743847286,5.5370634972572494
42.425564307177794,5.386546834923671
42.719939663067784,5.364859889615343
43.01635758106795,5.447729590910241
43.31483223376401,5.435410554246841
43.61537789208003,5.401803557597858
43.91800892596086,5.484116359415036
44.22273980505897,5.399372271836965
44.52958509942656,5.395800194933264
44.83855948021186,5.293810398691649
45.149677720361005,5.2877245038970635
45.462954695324,5.527775772897234
45.7784053837662,5.537915123251418
46.096044868284324,5.462669124611601
46.415888336127814,5.427624897416267
46.73795107992463,5.302338820825662
47.062248498412835,5.427532137231763
47.388796097176524,5.4689607146333925
47.71760948938745,5.515928521502398
48.04870439655131,5.487236504599865
48.38209664925954,5.510024991810928
48.71780218794633,5.527022109773293
49.05583706365048,5.478461917435204
49.39621743878321,5.605412063733113
49.738959587900624,5.364915057760732
50.08407989848213,5.520369258049372
50.43159487171359,5.5101790179253305
50.78152112327674,5.3141684234474305
51.13387538414327,5.632358656510293
51.48867450137493,5.542081630832146
51.84593543892911,5.4382356347235365
52.205675278469734,5.5258674233528975
52.567911220184236,5.466032671210501
52.932660583605596,5.528665769210324
53.299940808440894,5.500943797053221
53.669769455404754,5.529064254006641
54.04216420705917,5.5185638460248585
54.41714286865889,5.564923284523636
54.79472336900287,5.467198222788498
55.174923761291254,5.658490581947854
55.55776222398878,5.631616775880119
55.94325706169377,5.483789755764254
56.331426706013545,5.428577323857851
56.72228971644544,5.436744251007255
57.11586478126429,5.513273756765339
57.512170718416144,5.635917317764444
57.91122647641759,5.47510147820296
58.31305113526223,5.618770906710667
58.71766390733253,5.631131267009483
59.1250841383188,5.589247758637118
59.53533130814368,5.602324548371706
59.948425031894104,5.483869631305187
60.36438506075869,5.631527785115688
60.78323128297229,5.558419306379353
61.20498372476699,5.533836429179512
61.629662551329375,5.560176073526422
62.057288067765036,5.589645807655092
62.48788072006891,5.567520966344855
62.921461096103435,5.501445791077464
63.35804992658251,5.666127349939667
63.79766808606283,5.444404469537063
64.2403365939419,5.583568149217273
64.68607661546325,5.5491880486253775
65.13490946272803,5.5889621234931095
65.58685659571434,5.568663254125413
66.04193962330302,5.640985482490143
66.5001803043112,5.447001428068264
66.9616005485322,5.691534849712836
67.42622241778339,5.616829031527268
67.89406812696112,5.492984664640256
68.36516004510237,5.591081568530834
68.83952069645498,5.69808078825551
69.31717276155402,5.530066108075912
69.79813907830663,5.68319796811947
70.28244264308348,5.474323089740782
70.77010661181889,5.568807217505701
71.26115430111749,5.615058180902065
71.7556091893693,5.645153631437857
72.25349491787215,5.572619028782479
72.75483529196225,5.5822442436770245
73.25965428215231,5.676574560777824
73.7679760252773,5.569057915389034
74.27982482564916,5.6016644222120755
74.79522515621822,5.658415513717099
75.31420165974373,5.636397840437334
75.83677914997187,5.581395392275058
76.36298261282244,5.6606131577341685
76.89283720758311,5.610256999355224
77.42636826811272,5.744864555386345
77.96360130405232,5.5468188347006615
78.50456200204508,5.66358163791245
79.04927622696424,5.733378395059511
79.5977700231498,5.715474806060178
80.15006961565409,5.629070059858485
80.70620141149503,5.560029985972034
81.26619200091946,5.698390471148772
81.8300681586739,5.6550725265074115
82.3978568452852,5.680854284097127
82.96958520834907,5.706668085047283
83.54528058382868,5.655098793749931
84.1249704973612,5.5819084273595525
84.70868266557409,5.703958303586057
85.29644499741022,5.645808184716848
85.88828559546246,5.6534730204632675
86.48423275731724,5.53000765496692
87.08431497690722,5.716736652033477
87.68856094587429,5.749175540552718
88.29699955494091,5.691798626291595
88.90965989529161,5.65197716806664
89.52657125996394,5.753215097437631
90.14776314524917,5.754351466216521
90.77326525210228,5.713042892824402
91.40310748756232,5.665622348025234
92.03731996618221,5.713016577969126
92.67593301146879,5.742245254274064
93.3189771573324,5.655762838856708
93.9664831495469,5.704744078090847
94.61848194721998,5.679468267124422
95.27500472427292,5.719917142694801
95.93608287093143,5.68537158288455
96.60174799522642,5.736923060914918
97.27203192450544,5.749985007420523
97.94696670695393,5.763802550451559
98.62658461312823,5.7624354318634285
99.31091813749799,5.677648871580126
100.00000000000004,5.749163047182426
100.69386314760274,5.684921204119067
101.39254075588146,5.751052742934977
102.09606623060469,5.678505258852795
102.80447320933091,5.720319429895339
103.51779556301761,5.721507455155796
104.23606739764017,5.72997069229165
104.95932305582278,5.664260000151022
105.6875971184804,5.710056705411945
106.42092440647241,5.738617335923344
107.15933998226713,5.708154337866465
107.90287915161844,5.745605178969833
108.6515774652538,5.803649509109286
109.40547072057426,5.743062831813753
110.16459496336566,5.699520591037368
110.92898648952225,5.675998270120016
111.69868184678228,5.754358700565068
112.47371783647516,5.7622946050664225
113.25413151528119,5.6767660633698815
114.03996019700323,5.748879587359729
114.83124145435116,5.778562947543289
115.62801312073758,5.730025176500663
116.43031329208767,5.763397438228206
117.23818032865991,5.79755934055329
118.05165285688057,5.736536629645056
118.87076977119033,5.72630842843654
119.69557023590427,5.78667221330912
120.52609368708427,5.73113844416188
121.36237983442406,5.755089649240898
122.20446866314882,5.760190657617112
123.05240043592617,5.827108170527133
123.90621569479165,5.733176337706591
124.76595526308694,5.818414279106262
125.63166024741204,5.828527182710998
126.50337203959035,5.764207480995219
127.38113231864789,5.680840847062803
128.26498305280603,5.74540168804548
129.15496650148845,5.785585232141542
130.0511252173409,5.768362701147441
130.95350204826667,5.759522198060344
131.86214013947483,5.746524439436195
132.77708293554298,5.802207451645879
133.69837418249466,5.804629457523333
134.62605792989095,5.7821600024283155
135.5601785329369,5.819982736830206
136.50078065460139,5.776572796508386
137.44790926775374,5.754541308533198
138.4016096573131,5.838179095357587
139.3619274224143,5.735763097344346
140.32890847858727,5.8607318959044346
141.3025990599533,5.84055347069672
142.28304572143531,5.8179671982838155
143.27029534098304,5.826972893816137
144.26439512181577,5.837409943316473
145.2653925946781,5.8400943544979995
146.27333562011304,5.798452565550201
147.28827239075022,5.832299519017814
148.31025143361043,5.740810369036036
149.33932161242524,5.789472306649763
150.37553212997383,5.812446105014456
151.4189325304352,5.791951205938455
152.46957270175747,5.812468512267275
153.52750287804227,5.780960400806516
154.5927736419477,5.835246330722286
155.66543592710613,5.855869182715235
156.74554102055953,5.781247491931236
157.83314056521175,5.816243836884871
158.92828656229773,5.822189974040491
160.03103137387012,5.860084948543918
161.14142772530195,5.822874549354729
162.25952870780876,5.859335558317443
163.38538778098606,5.892533662989912
164.51905877536632,5.808660488471777
165.66059589499142,5.84259475947494
166.81005372000578,5.857085608742455
167.96748720926539,5.847549201122386
169.13295170296476,5.83931190143275
170.30650292528443,5.8363761139070105
171.488196987054,5.840642709899002
172.6780903884356,5.780396240349495
173.87624002162505,5.743443094146948
175.08270317357244,5.777886889470155
176.2975375287206,5.811953333211188
177.52080117176354,5.797901246674465
178.75255259042348,5.830100583278909
179.99285067824778,5.825328859071126
181.24175473742372,5.8218607032000165
182.49932448161516,5.798232091958723
183.76562003881708,5.815754536693773
185.04070195423017,5.854553902613132
186.32463119315605,5.84646455924055
187.617469143912,5.829607258951728
188.9192776207667,5.825989150359152
190.23011886689446,5.873345445788278
191.55005555735278,5.856274651326641
192.87915080207776,5.7809205763875635
194.21746814890264,5.877158306296086
195.5650715865949,5.8305797660963306
196.92202554791714,5.8657029232158875
198.28839491270716,5.866179321884446
199.66424501097936,5.8587356529914985
201.04964162604983,5.876607872937653
202.4446509976804,5.876464462492995
203.84933982524635,5.867498826160392
205.26377527092515,5.849181188270059
206.68802496290826,5.880935140953263
208.12215699863387,5.823062426726091
209.56623994804337,5.849821707032848
211.0203428568595,5.89776884796999
212.48453524988838,5.86604886754555
213.95888713434223,5.842656095506763
215.44346900318828,5.897924008111649
216.9383518385184,5.903146705647725
218.44360711494272,5.859864641486399
219.95930680300748,5.872843579701012
221.4855233726359,5.8941415563029285
223.02232979659388,5.860794041239748
224.5697995539774,5.829528148929786
226.12800663372786,5.858734914762372
227.69702553816788,5.870428298387351
229.27693128656503,5.840030255675749
230.86779941871688,5.868828847976744
232.46970599856468,5.869952569041084
234.08272761782936,5.832174001920685
235.7069413996727,5.868138887220263
237.34242500238668,5.877470667755183
238.98925662310484,5.905674973525677
240.6475150015425,5.879009733774876
242.31727942375989,5.885996506122239
243.99862972595497,5.900646208096759
245.69164629827912,5.891852881049908
247.3964100886814,5.907287352967427
249.11300260677882,5.896139745524211
250.84150592775413,5.906089769483454
252.58200269627847,5.920177039221217
254.33457613046482,5.890154434761944
256.0993100258457,5.875786920632892
257.87628875938026,5.881784279441056
259.665597293487,5.856843386789337
261.4673211801091,5.8776868216795135
263.28154656480206,5.900168110009651
265.10836019085383,5.890687813524439
266.94784940343214,5.903903449395863
268.8001021537607,5.8815639253129595
270.6652070033242,5.897738545802681
272.543253128103,5.890137235197856
274.43433032283633,5.858483453522816
276.3385290053169,5.892031943578345
278.2559402207124,5.880869614750797
280.18665564591953,5.911369216378004
282.1307675939472,5.921267189074949
284.0883690183304,5.887243565387747
286.0595535175744,5.912583774520397
288.04441533962944,5.896034471998268
290.04304938639933,5.92885271709162
292.0555512182745,5.91750241766269
294.08201705870624,5.897297842576776
296.12254379880346,5.901676190016715
298.17722900196725,5.913541897503623
300.246170908555,5.9038822570111416
302.3294684405775,5.9061727700559485
304.4272212064304,5.917485810923543
306.5395295056526,5.894698371498564
308.6664943337272,5.888801470914973
310.80821738690634,5.908572122638691
312.96480106707514,5.908310102376045
315.1363484866479,5.900235907286118
317.3229634734978,5.888854864730048
319.52475057592096,5.924463770737812
321.74181506763733,5.913894882327357
323.9742629528199,5.906077171899495
326.2222009711668,5.901161114921661
328.48573660300434,5.925421374313004
330.7649780744241,5.9232557221248685
333.0600343624589,5.9397319525204475
335.37101520029313,5.876082382326797
337.6980310825092,5.903097027018673
340.04119327037046,5.905397509204249
342.4006137971427,5.9222464706100535
344.7764054734463,5.914540797010535
347.168681892656,5.919039522726627
349.5775574363274,5.900525418760987
352.0031472796676,5.911309031842314
354.44556739704353,5.942511756283618
356.9049345675231,5.918475740460964
359.3813663804625,5.920184885450356
361.8749812411278,5.9152906740889275
364.3858983763549,5.897650462180891
366.9142378402492,5.929304453630158
369.46012051993023,5.917963598125785
372.0236681413068,5.919883111200888
374.60500327489933,5.950585911547128
377.2042493417,5.9019546917223416
379.82153061907326,5.91132729859686
382.45697224669976,5.929393073341748
385.11070023255695,5.939448798217855
387.7828414589456,5.904061937272627
390.4735236885561,5.9117697977170085
393.1828755705769,5.9531653785259415
395.9110266468455,5.9376615819296115
398.6581073580442,5.9173628675608825
401.42424904993237,5.935984352539357
404.2095839796305,5.945204179880526
407.01424532194363,5.944452574368186
409.8383671757266,5.891176408324631
412.6820845702954,5.929382613255988
415.54553347188755,5.9346792274982105
418.42885079015826,5.934413532162154
421.33217438472843,5.915009542309463
424.25564307177797,5.932254860708407
427.19939663067765,5.900334384893123
430.16357581067933,5.942376936806145
433.1483223376399,5.943967261147378
436.1537789208004,5.940074430790662
439.1800892596087,5.934494445081702
442.22739805059007,5.923174566087509
445.29585099426515,5.939889629467862
448.38559480211904,5.940723556045439
451.4967772036104,5.956831180756749
454.62954695323987,5.950995474743605
457.7840538376618,5.9278218920324734
460.9604486828433,5.952355195018066
464.15888336127796,5.94565609622629
467.37951079924636,5.945591223985757
470.6224849841284,5.932647509141089
473.88796097176504,5.94421983212101
477.1760948938749,5.921510262060054
480.4870439655129,5.953249688248597
483.8209664925955,5.95422939480642
487.17802187946313,5.959219027154165
490.5583706365049,5.93956395391239
493.9621743878322,5.9442708193047755
497.38959587900666,5.955264543412008
500.84079898482076,5.93381908139115
504.3159487171357,5.935846347301096
507.8152112327678,5.943540463960964
511.3387538414325,5.957428505093511
514.8867450137494,5.9327573820991395
518.4593543892912,5.94831162497395
522.0567527846978,5.954939727204139
525.6791122018425,5.95243431921402
529.3266058360558,5.95192073459784
532.9994080844087,5.952281443049262
536.697694554048,5.939870698100246
540.4216420705915,5.9447733736471
544.171428686589,5.9474714622122
547.9472336900287,5.953882644619712
551.749237612912,5.950176236808059
555.5776222398879,5.9465142309398
559.4325706169382,5.929212065847611
563.3142670601352,5.949668239700421
567.2228971644541,5.940265697667845
571.1586478126437,5.951405613317933
575.1217071841612,5.955706141973958
579.112264764176,5.94173525586537
583.1305113526224,5.943457178550903
587.1766390733251,5.9447766283951315
591.2508413831881,5.955873385923065
595.3533130814366,5.965028421850254
599.4842503189408,5.944450865005282
603.6438506075866,5.938567667109174
607.832312829723,5.9521222385460435
612.04983724767,5.960338284710454
616.2966255132943,5.946183454562126
620.5728806776497,5.947101577998032
624.8788072006896,5.9416979298863435
629.2146109610349,5.9600939867600395
633.5804992658249,5.9560751198515245
637.976680860628,5.962961748498449
642.4033659394192,5.965337639391671
646.8607661546325,5.960984011397358
651.3490946272805,5.947700371586759
655.8685659571427,5.948910035176412
660.4193962330299,5.965231035587437
665.0018030431125,5.9307798912761704
669.6160054853218,5.946210522542079
674.2622241778341,5.957713867656841
678.9406812696109,5.948913513265521
683.6516004510238,5.962982301362993
688.39520696455,5.929059614281671
693.1717276155408,5.9414335446464985
697.9813907830656,5.954270733004972
702.8244264308346,5.955536638021933
707.7010661181895,5.947700797564646
712.6115430111746,5.957913434780846
717.5560918936926,5.96208655897233
722.5349491787216,5.967331678686461
727.5483529196231,5.954521339584516
732.5965428215233,5.951637848859705
737.6797602527728,5.9675915941223945
742.7982482564912,5.960799676149731
747.9522515621828,5.960623809407277
753.1420165974371,5.964589671660647
758.3677914997189,5.968646742546292
763.6298261282245,5.9565306600429135
768.9283720758303,5.966183824785322
774.2636826811274,5.962457166231952
779.6360130405237,5.963545166667758
785.0456200204504,5.962651343344033
790.492762269642,5.959864476790168
795.9777002314992,5.97034567601674
801.5006961565406,5.965713982827812
807.0620141149504,5.965797794416162
812.6619200091938,5.956914646976012
818.3006815867386,5.963005597148076
823.9785684528522,5.96480822827017
829.6958520834903,5.970280725830317
835.4528058382865,5.96870506348741
841.2497049736116,5.959234068956839
847.0868266557405,5.965276202780683
852.9644499741024,5.973516688565658
858.8828559546254,5.969446248451915
864.8423275731716,5.976702067741025
870.8431497690729,5.9662449897778815
876.8856094587436,5.972704472441193
882.9699955494086,5.972376497491179
889.0965989529158,5.972276769975783
895.2657125996396,5.966453894670806
901.4776314524918,5.9744138942147025
907.7326525210229,5.969718018621536
914.0310748756223,5.963680383073168
920.3731996618217,5.964551100257449
926.7593301146886,5.9738327662846205
933.1897715733236,5.9591577834936444
939.6648314954692,5.966117235073946
946.1848194721999,5.9801864814971095
952.7500472427294,5.976937336978271
959.3608287093145,5.970875621366202
966.0174799522649,5.967968845973754
972.7203192450535,5.96780282169753
979.4696670695389,5.963605058390242
986.2658461312831,5.968780071018585
993.1091813749795,5.967504343979107
1000,5.979909008846537
